# JRE version: OpenJDK Runtime Environment (8.0_212-b04) (build 1.8.0_212-release-1586-b04)
# Java VM: OpenJDK 64-Bit Server VM (25.212-b04 mixed mode windows-amd64 compressed oops)
Heap:
 PSYoungGen      total 69632K, used 5992K [0x00000000e0000000, 0x00000000e7080000, 0x0000000100000000)
  eden space 62976K, 0% used [0x00000000e0000000,0x00000000e0000000,0x00000000e3d80000)
  from space 6656K, 90% used [0x00000000e3d80000,0x00000000e435a068,0x00000000e4400000)
  to   space 7168K, 0% used [0x00000000e6980000,0x00000000e6980000,0x00000000e7080000)
 ParOldGen       total 44032K, used 6689K [0x00000000a0000000, 0x00000000a2b00000, 0x00000000e0000000)
  object space 44032K, 15% used [0x00000000a0000000,0x00000000a06887c8,0x00000000a2b00000)
 Metaspace       used 20745K, capacity 21190K, committed 21296K, reserved 1067008K
  class space    used 2993K, capacity 3161K, committed 3200K, reserved 1048576K
GC Heap History (10 events):
Event: 5.100 GC heap after
Heap after GC invocations=5 (full 0):
 PSYoungGen      total 18944K, used 2544K [0x00000000e0000000, 0x00000000e2900000, 0x0000000100000000)
  eden space 16384K, 0% used [0x00000000e0000000,0x00000000e0000000,0x00000000e1000000)
  from space 2560K, 99% used [0x00000000e1000000,0x00000000e127c010,0x00000000e1280000)
  to   space 4608K, 0% used [0x00000000e2480000,0x00000000e2480000,0x00000000e2900000)
 ParOldGen       total 44032K, used 3227K [0x00000000a0000000, 0x00000000a2b00000, 0x00000000e0000000)
  object space 44032K, 7% used [0x00000000a0000000,0x00000000a0326e78,0x00000000a2b00000)
 Metaspace       used 9350K, capacity 9586K, committed 9856K, reserved 1058816K
  class space    used 1228K, capacity 1325K, committed 1408K, reserved 1048576K
}
Event: 7.368 GC heap before
{Heap before GC invocations=6 (full 0):
 PSYoungGen      total 18944K, used 18928K [0x00000000e0000000, 0x00000000e2900000, 0x0000000100000000)
  eden space 16384K, 100% used [0x00000000e0000000,0x00000000e1000000,0x00000000e1000000)
  from space 2560K, 99% used [0x00000000e1000000,0x00000000e127c010,0x00000000e1280000)
  to   space 4608K, 0% used [0x00000000e2480000,0x00000000e2480000,0x00000000e2900000)
 ParOldGen       total 44032K, used 3227K [0x00000000a0000000, 0x00000000a2b00000, 0x00000000e0000000)
  object space 44032K, 7% used [0x00000000a0000000,0x00000000a0326e78,0x00000000a2b00000)
 Metaspace       used 12452K, capacity 12846K, committed 13184K, reserved 1060864K
  class space    used 1679K, capacity 1835K, committed 1920K, reserved 1048576K
Event: 7.385 GC heap after
Heap after GC invocations=6 (full 0):
 PSYoungGen      total 36352K, used 4608K [0x00000000e0000000, 0x00000000e2b00000, 0x0000000100000000)
  eden space 31744K, 0% used [0x00000000e0000000,0x00000000e0000000,0x00000000e1f00000)
  from space 4608K, 100% used [0x00000000e2480000,0x00000000e2900000,0x00000000e2900000)
  to   space 5632K, 0% used [0x00000000e1f00000,0x00000000e1f00000,0x00000000e2480000)
 ParOldGen       total 44032K, used 3401K [0x00000000a0000000, 0x00000000a2b00000, 0x00000000e0000000)
  object space 44032K, 7% used [0x00000000a0000000,0x00000000a03526e8,0x00000000a2b00000)
 Metaspace       used 12452K, capacity 12846K, committed 13184K, reserved 1060864K
  class space    used 1679K, capacity 1835K, committed 1920K, reserved 1048576K
}
Event: 9.382 GC heap before
{Heap before GC invocations=7 (full 0):
 PSYoungGen      total 36352K, used 36352K [0x00000000e0000000, 0x00000000e2b00000, 0x0000000100000000)
  eden space 31744K, 100% used [0x00000000e0000000,0x00000000e1f00000,0x00000000e1f00000)
  from space 4608K, 100% used [0x00000000e2480000,0x00000000e2900000,0x00000000e2900000)
  to   space 5632K, 0% used [0x00000000e1f00000,0x00000000e1f00000,0x00000000e2480000)
 ParOldGen       total 44032K, used 3401K [0x00000000a0000000, 0x00000000a2b00000, 0x00000000e0000000)
  object space 44032K, 7% used [0x00000000a0000000,0x00000000a03526e8,0x00000000a2b00000)
 Metaspace       used 14691K, capacity 15030K, committed 15232K, reserved 1062912K
  class space    used 2051K, capacity 2159K, committed 2176K, reserved 1048576K
Event: 9.422 GC heap after
Heap after GC invocations=7 (full 0):
 PSYoungGen      total 37376K, used 5313K [0x00000000e0000000, 0x00000000e4a00000, 0x0000000100000000)
  eden space 31744K, 0% used [0x00000000e0000000,0x00000000e0000000,0x00000000e1f00000)
  from space 5632K, 94% used [0x00000000e1f00000,0x00000000e24305c0,0x00000000e2480000)
  to   space 6144K, 0% used [0x00000000e4400000,0x00000000e4400000,0x00000000e4a00000)
 ParOldGen       total 44032K, used 4665K [0x00000000a0000000, 0x00000000a2b00000, 0x00000000e0000000)
  object space 44032K, 10% used [0x00000000a0000000,0x00000000a048e758,0x00000000a2b00000)
 Metaspace       used 14691K, capacity 15030K, committed 15232K, reserved 1062912K
  class space    used 2051K, capacity 2159K, committed 2176K, reserved 1048576K
}
Event: 10.598 GC heap before
{Heap before GC invocations=8 (full 0):
 PSYoungGen      total 37376K, used 37057K [0x00000000e0000000, 0x00000000e4a00000, 0x0000000100000000)
  eden space 31744K, 100% used [0x00000000e0000000,0x00000000e1f00000,0x00000000e1f00000)
  from space 5632K, 94% used [0x00000000e1f00000,0x00000000e24305c0,0x00000000e2480000)
  to   space 6144K, 0% used [0x00000000e4400000,0x00000000e4400000,0x00000000e4a00000)
 ParOldGen       total 44032K, used 4665K [0x00000000a0000000, 0x00000000a2b00000, 0x00000000e0000000)
  object space 44032K, 10% used [0x00000000a0000000,0x00000000a048e758,0x00000000a2b00000)
 Metaspace       used 17546K, capacity 18018K, committed 18432K, reserved 1064960K
  class space    used 2517K, capacity 2691K, committed 2816K, reserved 1048576K
Event: 10.612 GC heap after
Heap after GC invocations=8 (full 0):
 PSYoungGen      total 69120K, used 5724K [0x00000000e0000000, 0x00000000e4b00000, 0x0000000100000000)
  eden space 62976K, 0% used [0x00000000e0000000,0x00000000e0000000,0x00000000e3d80000)
  from space 6144K, 93% used [0x00000000e4400000,0x00000000e4997390,0x00000000e4a00000)
  to   space 6656K, 0% used [0x00000000e3d80000,0x00000000e3d80000,0x00000000e4400000)
 ParOldGen       total 44032K, used 5369K [0x00000000a0000000, 0x00000000a2b00000, 0x00000000e0000000)
  object space 44032K, 12% used [0x00000000a0000000,0x00000000a053e758,0x00000000a2b00000)
 Metaspace       used 17546K, capacity 18018K, committed 18432K, reserved 1064960K
  class space    used 2517K, capacity 2691K, committed 2816K, reserved 1048576K
}
Event: 12.787 GC heap before
{Heap before GC invocations=9 (full 0):
 PSYoungGen      total 69120K, used 38280K [0x00000000e0000000, 0x00000000e4b00000, 0x0000000100000000)
  eden space 62976K, 51% used [0x00000000e0000000,0x00000000e1fcad78,0x00000000e3d80000)
  from space 6144K, 93% used [0x00000000e4400000,0x00000000e4997390,0x00000000e4a00000)
  to   space 6656K, 0% used [0x00000000e3d80000,0x00000000e3d80000,0x00000000e4400000)
 ParOldGen       total 44032K, used 5369K [0x00000000a0000000, 0x00000000a2b00000, 0x00000000e0000000)
  object space 44032K, 12% used [0x00000000a0000000,0x00000000a053e758,0x00000000a2b00000)
 Metaspace       used 20745K, capacity 21190K, committed 21296K, reserved 1067008K
  class space    used 2993K, capacity 3161K, committed 3200K, reserved 1048576K
Event: 12.802 GC heap after
Heap after GC invocations=9 (full 0):
 PSYoungGen      total 69632K, used 5992K [0x00000000e0000000, 0x00000000e7080000, 0x0000000100000000)
  eden space 62976K, 0% used [0x00000000e0000000,0x00000000e0000000,0x00000000e3d80000)
  from space 6656K, 90% used [0x00000000e3d80000,0x00000000e435a068,0x00000000e4400000)
  to   space 7168K, 0% used [0x00000000e6980000,0x00000000e6980000,0x00000000e7080000)
 ParOldGen       total 44032K, used 6689K [0x00000000a0000000, 0x00000000a2b00000, 0x00000000e0000000)
  object space 44032K, 15% used [0x00000000a0000000,0x00000000a06887c8,0x00000000a2b00000)
 Metaspace       used 20745K, capacity 21190K, committed 21296K, reserved 1067008K
  class space    used 2993K, capacity 3161K, committed 3200K, reserved 1048576K
}
Event: 12.803 GC heap before
{Heap before GC invocations=10 (full 1):
 PSYoungGen      total 69632K, used 5992K [0x00000000e0000000, 0x00000000e7080000, 0x0000000100000000)
  eden space 62976K, 0% used [0x00000000e0000000,0x00000000e0000000,0x00000000e3d80000)
  from space 6656K, 90% used [0x00000000e3d80000,0x00000000e435a068,0x00000000e4400000)
  to   space 7168K, 0% used [0x00000000e6980000,0x00000000e6980000,0x00000000e7080000)
 ParOldGen       total 44032K, used 6689K [0x00000000a0000000, 0x00000000a2b00000, 0x00000000e0000000)
  object space 44032K, 15% used [0x00000000a0000000,0x00000000a06887c8,0x00000000a2b00000)
 Metaspace       used 20745K, capacity 21190K, committed 21296K, reserved 1067008K
  class space    used 2993K, capacity 3161K, committed 3200K, reserved 1048576K

