# JRE version: OpenJDK Runtime Environment (8.0_212-b04) (build 1.8.0_212-release-1586-b04)
# Java VM: OpenJDK 64-Bit Server VM (25.212-b04 mixed mode windows-amd64 compressed oops)
Heap:
 PSYoungGen      total 147968K, used 16077K [0x00000000e0000000, 0x00000000ebb00000, 0x0000000100000000)
  eden space 131584K, 12% used [0x00000000e0000000,0x00000000e0fb3470,0x00000000e8080000)
  from space 16384K, 0% used [0x00000000e8080000,0x00000000e8080000,0x00000000e9080000)
  to   space 15872K, 0% used [0x00000000eab80000,0x00000000eab80000,0x00000000ebb00000)
 ParOldGen       total 97280K, used 35153K [0x00000000a0000000, 0x00000000a5f00000, 0x00000000e0000000)
  object space 97280K, 36% used [0x00000000a0000000,0x00000000a22547f0,0x00000000a5f00000)
 Metaspace       used 57521K, capacity 59504K, committed 59688K, reserved 1099776K
  class space    used 7966K, capacity 8409K, committed 8488K, reserved 1048576K
GC Heap History (10 events):
Event: 22.361 GC heap before
{Heap before GC invocations=14 (full 2):
 PSYoungGen      total 122368K, used 3847K [0x00000000e0000000, 0x00000000e9700000, 0x0000000100000000)
  eden space 112640K, 0% used [0x00000000e0000000,0x00000000e0000000,0x00000000e6e00000)
  from space 9728K, 39% used [0x00000000e7700000,0x00000000e7ac1cd0,0x00000000e8080000)
  to   space 9216K, 0% used [0x00000000e6e00000,0x00000000e6e00000,0x00000000e7700000)
 ParOldGen       total 36352K, used 17280K [0x00000000a0000000, 0x00000000a2380000, 0x00000000e0000000)
  object space 36352K, 47% used [0x00000000a0000000,0x00000000a10e0318,0x00000000a2380000)
 Metaspace       used 34696K, capacity 35420K, committed 35496K, reserved 1079296K
  class space    used 4763K, capacity 4995K, committed 5032K, reserved 1048576K
Event: 22.772 GC heap after
Heap after GC invocations=14 (full 2):
 PSYoungGen      total 122368K, used 0K [0x00000000e0000000, 0x00000000e9700000, 0x0000000100000000)
  eden space 112640K, 0% used [0x00000000e0000000,0x00000000e0000000,0x00000000e6e00000)
  from space 9728K, 0% used [0x00000000e7700000,0x00000000e7700000,0x00000000e8080000)
  to   space 9216K, 0% used [0x00000000e6e00000,0x00000000e6e00000,0x00000000e7700000)
 ParOldGen       total 59904K, used 18183K [0x00000000a0000000, 0x00000000a3a80000, 0x00000000e0000000)
  object space 59904K, 30% used [0x00000000a0000000,0x00000000a11c1e88,0x00000000a3a80000)
 Metaspace       used 34696K, capacity 35420K, committed 35496K, reserved 1079296K
  class space    used 4763K, capacity 4995K, committed 5032K, reserved 1048576K
}
Event: 28.105 GC heap before
{Heap before GC invocations=15 (full 2):
 PSYoungGen      total 122368K, used 112640K [0x00000000e0000000, 0x00000000e9700000, 0x0000000100000000)
  eden space 112640K, 100% used [0x00000000e0000000,0x00000000e6e00000,0x00000000e6e00000)
  from space 9728K, 0% used [0x00000000e7700000,0x00000000e7700000,0x00000000e8080000)
  to   space 9216K, 0% used [0x00000000e6e00000,0x00000000e6e00000,0x00000000e7700000)
 ParOldGen       total 59904K, used 18183K [0x00000000a0000000, 0x00000000a3a80000, 0x00000000e0000000)
  object space 59904K, 30% used [0x00000000a0000000,0x00000000a11c1e88,0x00000000a3a80000)
 Metaspace       used 44408K, capacity 45652K, committed 45736K, reserved 1089536K
  class space    used 5992K, capacity 6277K, committed 6312K, reserved 1048576K
Event: 28.147 GC heap after
Heap after GC invocations=15 (full 2):
 PSYoungGen      total 121856K, used 9186K [0x00000000e0000000, 0x00000000e9c00000, 0x0000000100000000)
  eden space 112640K, 0% used [0x00000000e0000000,0x00000000e0000000,0x00000000e6e00000)
  from space 9216K, 99% used [0x00000000e6e00000,0x00000000e76f8818,0x00000000e7700000)
  to   space 11776K, 0% used [0x00000000e9080000,0x00000000e9080000,0x00000000e9c00000)
 ParOldGen       total 59904K, used 22217K [0x00000000a0000000, 0x00000000a3a80000, 0x00000000e0000000)
  object space 59904K, 37% used [0x00000000a0000000,0x00000000a15b27e8,0x00000000a3a80000)
 Metaspace       used 44408K, capacity 45652K, committed 45736K, reserved 1089536K
  class space    used 5992K, capacity 6277K, committed 6312K, reserved 1048576K
}
Event: 32.900 GC heap before
{Heap before GC invocations=16 (full 2):
 PSYoungGen      total 121856K, used 121826K [0x00000000e0000000, 0x00000000e9c00000, 0x0000000100000000)
  eden space 112640K, 100% used [0x00000000e0000000,0x00000000e6e00000,0x00000000e6e00000)
  from space 9216K, 99% used [0x00000000e6e00000,0x00000000e76f8818,0x00000000e7700000)
  to   space 11776K, 0% used [0x00000000e9080000,0x00000000e9080000,0x00000000e9c00000)
 ParOldGen       total 59904K, used 22217K [0x00000000a0000000, 0x00000000a3a80000, 0x00000000e0000000)
  object space 59904K, 37% used [0x00000000a0000000,0x00000000a15b27e8,0x00000000a3a80000)
 Metaspace       used 53399K, capacity 55278K, committed 55464K, reserved 1097728K
  class space    used 7284K, capacity 7728K, committed 7848K, reserved 1048576K
Event: 32.986 GC heap after
Heap after GC invocations=16 (full 2):
 PSYoungGen      total 143360K, used 11773K [0x00000000e0000000, 0x00000000ea500000, 0x0000000100000000)
  eden space 131584K, 0% used [0x00000000e0000000,0x00000000e0000000,0x00000000e8080000)
  from space 11776K, 99% used [0x00000000e9080000,0x00000000e9bff718,0x00000000e9c00000)
  to   space 16384K, 0% used [0x00000000e8080000,0x00000000e8080000,0x00000000e9080000)
 ParOldGen       total 59904K, used 29955K [0x00000000a0000000, 0x00000000a3a80000, 0x00000000e0000000)
  object space 59904K, 50% used [0x00000000a0000000,0x00000000a1d40dc0,0x00000000a3a80000)
 Metaspace       used 53399K, capacity 55278K, committed 55464K, reserved 1097728K
  class space    used 7284K, capacity 7728K, committed 7848K, reserved 1048576K
}
Event: 36.331 GC heap before
{Heap before GC invocations=17 (full 2):
 PSYoungGen      total 143360K, used 93552K [0x00000000e0000000, 0x00000000ea500000, 0x0000000100000000)
  eden space 131584K, 62% used [0x00000000e0000000,0x00000000e4fdcc50,0x00000000e8080000)
  from space 11776K, 99% used [0x00000000e9080000,0x00000000e9bff718,0x00000000e9c00000)
  to   space 16384K, 0% used [0x00000000e8080000,0x00000000e8080000,0x00000000e9080000)
 ParOldGen       total 59904K, used 29955K [0x00000000a0000000, 0x00000000a3a80000, 0x00000000e0000000)
  object space 59904K, 50% used [0x00000000a0000000,0x00000000a1d40dc0,0x00000000a3a80000)
 Metaspace       used 57191K, capacity 59132K, committed 59160K, reserved 1099776K
  class space    used 7921K, capacity 8347K, committed 8360K, reserved 1048576K
Event: 36.404 GC heap after
Heap after GC invocations=17 (full 2):
 PSYoungGen      total 147968K, used 6627K [0x00000000e0000000, 0x00000000ebb00000, 0x0000000100000000)
  eden space 131584K, 0% used [0x00000000e0000000,0x00000000e0000000,0x00000000e8080000)
  from space 16384K, 40% used [0x00000000e8080000,0x00000000e86f8ec8,0x00000000e9080000)
  to   space 15872K, 0% used [0x00000000eab80000,0x00000000eab80000,0x00000000ebb00000)
 ParOldGen       total 59904K, used 36242K [0x00000000a0000000, 0x00000000a3a80000, 0x00000000e0000000)
  object space 59904K, 60% used [0x00000000a0000000,0x00000000a2364bd0,0x00000000a3a80000)
 Metaspace       used 57191K, capacity 59132K, committed 59160K, reserved 1099776K
  class space    used 7921K, capacity 8347K, committed 8360K, reserved 1048576K
}
Event: 36.404 GC heap before
{Heap before GC invocations=18 (full 3):
 PSYoungGen      total 147968K, used 6627K [0x00000000e0000000, 0x00000000ebb00000, 0x0000000100000000)
  eden space 131584K, 0% used [0x00000000e0000000,0x00000000e0000000,0x00000000e8080000)
  from space 16384K, 40% used [0x00000000e8080000,0x00000000e86f8ec8,0x00000000e9080000)
  to   space 15872K, 0% used [0x00000000eab80000,0x00000000eab80000,0x00000000ebb00000)
 ParOldGen       total 59904K, used 36242K [0x00000000a0000000, 0x00000000a3a80000, 0x00000000e0000000)
  object space 59904K, 60% used [0x00000000a0000000,0x00000000a2364bd0,0x00000000a3a80000)
 Metaspace       used 57191K, capacity 59132K, committed 59160K, reserved 1099776K
  class space    used 7921K, capacity 8347K, committed 8360K, reserved 1048576K
Event: 37.314 GC heap after
Heap after GC invocations=18 (full 3):
 PSYoungGen      total 147968K, used 0K [0x00000000e0000000, 0x00000000ebb00000, 0x0000000100000000)
  eden space 131584K, 0% used [0x00000000e0000000,0x00000000e0000000,0x00000000e8080000)
  from space 16384K, 0% used [0x00000000e8080000,0x00000000e8080000,0x00000000e9080000)
  to   space 15872K, 0% used [0x00000000eab80000,0x00000000eab80000,0x00000000ebb00000)
 ParOldGen       total 97280K, used 35153K [0x00000000a0000000, 0x00000000a5f00000, 0x00000000e0000000)
  object space 97280K, 36% used [0x00000000a0000000,0x00000000a22547f0,0x00000000a5f00000)
 Metaspace       used 57181K, capacity 59102K, committed 59160K, reserved 1099776K
  class space    used 7918K, capacity 8342K, committed 8360K, reserved 1048576K
}

