# JRE version: OpenJDK Runtime Environment (8.0_212-b04) (build 1.8.0_212-release-1586-b04)
# Java VM: OpenJDK 64-Bit Server VM (25.212-b04 mixed mode windows-amd64 compressed oops)
Heap:
 PSYoungGen      total 380928K, used 283386K [0x00000000e0000000, 0x0000000100000000, 0x0000000100000000)
  eden space 229376K, 100% used [0x00000000e0000000,0x00000000ee000000,0x00000000ee000000)
  from space 151552K, 35% used [0x00000000f6c00000,0x00000000fa0be838,0x0000000100000000)
  to   space 143360K, 11% used [0x00000000ee000000,0x00000000ef09c938,0x00000000f6c00000)
 ParOldGen       total 236032K, used 131626K [0x00000000a0000000, 0x00000000ae680000, 0x00000000e0000000)
  object space 236032K, 55% used [0x00000000a0000000,0x00000000a808aad0,0x00000000ae680000)
 Metaspace       used 92768K, capacity 97048K, committed 97496K, reserved 1134592K
  class space    used 11816K, capacity 12593K, committed 12760K, reserved 1048576K
GC Heap History (10 events):
Event: 8859.437 GC heap after
Heap after GC invocations=31 (full 5):
 PSYoungGen      total 320000K, used 0K [0x00000000e0000000, 0x0000000100000000, 0x0000000100000000)
  eden space 225280K, 0% used [0x00000000e0000000,0x00000000e0000000,0x00000000edc00000)
  from space 94720K, 0% used [0x00000000fa380000,0x00000000fa380000,0x0000000100000000)
  to   space 149504K, 0% used [0x00000000edc00000,0x00000000edc00000,0x00000000f6e00000)
 ParOldGen       total 236032K, used 104266K [0x00000000a0000000, 0x00000000ae680000, 0x00000000e0000000)
  object space 236032K, 44% used [0x00000000a0000000,0x00000000a65d2a58,0x00000000ae680000)
 Metaspace       used 91944K, capacity 95880K, committed 96984K, reserved 1134592K
  class space    used 11762K, capacity 12503K, committed 12760K, reserved 1048576K
}
Event: 8863.831 GC heap before
{Heap before GC invocations=32 (full 5):
 PSYoungGen      total 320000K, used 222945K [0x00000000e0000000, 0x0000000100000000, 0x0000000100000000)
  eden space 225280K, 98% used [0x00000000e0000000,0x00000000ed9b8530,0x00000000edc00000)
  from space 94720K, 0% used [0x00000000fa380000,0x00000000fa380000,0x0000000100000000)
  to   space 149504K, 0% used [0x00000000edc00000,0x00000000edc00000,0x00000000f6e00000)
 ParOldGen       total 236032K, used 104266K [0x00000000a0000000, 0x00000000ae680000, 0x00000000e0000000)
  object space 236032K, 44% used [0x00000000a0000000,0x00000000a65d2a58,0x00000000ae680000)
 Metaspace       used 91961K, capacity 95892K, committed 96984K, reserved 1134592K
  class space    used 11763K, capacity 12505K, committed 12760K, reserved 1048576K
Event: 8864.003 GC heap after
Heap after GC invocations=32 (full 5):
 PSYoungGen      total 374784K, used 41429K [0x00000000e0000000, 0x0000000100000000, 0x0000000100000000)
  eden space 225280K, 0% used [0x00000000e0000000,0x00000000e0000000,0x00000000edc00000)
  from space 149504K, 27% used [0x00000000edc00000,0x00000000f04754a0,0x00000000f6e00000)
  to   space 142336K, 0% used [0x00000000f7500000,0x00000000f7500000,0x0000000100000000)
 ParOldGen       total 236032K, used 104274K [0x00000000a0000000, 0x00000000ae680000, 0x00000000e0000000)
  object space 236032K, 44% used [0x00000000a0000000,0x00000000a65d4a58,0x00000000ae680000)
 Metaspace       used 91961K, capacity 95892K, committed 96984K, reserved 1134592K
  class space    used 11763K, capacity 12505K, committed 12760K, reserved 1048576K
}
Event: 9043.831 GC heap before
{Heap before GC invocations=33 (full 5):
 PSYoungGen      total 374784K, used 266709K [0x00000000e0000000, 0x0000000100000000, 0x0000000100000000)
  eden space 225280K, 100% used [0x00000000e0000000,0x00000000edc00000,0x00000000edc00000)
  from space 149504K, 27% used [0x00000000edc00000,0x00000000f04754a0,0x00000000f6e00000)
  to   space 142336K, 0% used [0x00000000f7500000,0x00000000f7500000,0x0000000100000000)
 ParOldGen       total 236032K, used 104274K [0x00000000a0000000, 0x00000000ae680000, 0x00000000e0000000)
  object space 236032K, 44% used [0x00000000a0000000,0x00000000a65d4a58,0x00000000ae680000)
 Metaspace       used 92185K, capacity 96234K, committed 96984K, reserved 1134592K
  class space    used 11775K, capacity 12521K, committed 12760K, reserved 1048576K
Event: 9044.046 GC heap after
Heap after GC invocations=33 (full 5):
 PSYoungGen      total 353280K, used 57684K [0x00000000e0000000, 0x00000000feb00000, 0x0000000100000000)
  eden space 232448K, 0% used [0x00000000e0000000,0x00000000e0000000,0x00000000ee300000)
  from space 120832K, 47% used [0x00000000f7500000,0x00000000fad55090,0x00000000feb00000)
  to   space 135168K, 0% used [0x00000000ee300000,0x00000000ee300000,0x00000000f6700000)
 ParOldGen       total 236032K, used 104282K [0x00000000a0000000, 0x00000000ae680000, 0x00000000e0000000)
  object space 236032K, 44% used [0x00000000a0000000,0x00000000a65d6a58,0x00000000ae680000)
 Metaspace       used 92185K, capacity 96234K, committed 96984K, reserved 1134592K
  class space    used 11775K, capacity 12521K, committed 12760K, reserved 1048576K
}
Event: 9046.997 GC heap before
{Heap before GC invocations=34 (full 5):
 PSYoungGen      total 353280K, used 290132K [0x00000000e0000000, 0x00000000feb00000, 0x0000000100000000)
  eden space 232448K, 100% used [0x00000000e0000000,0x00000000ee300000,0x00000000ee300000)
  from space 120832K, 47% used [0x00000000f7500000,0x00000000fad55090,0x00000000feb00000)
  to   space 135168K, 0% used [0x00000000ee300000,0x00000000ee300000,0x00000000f6700000)
 ParOldGen       total 236032K, used 104282K [0x00000000a0000000, 0x00000000ae680000, 0x00000000e0000000)
  object space 236032K, 44% used [0x00000000a0000000,0x00000000a65d6a58,0x00000000ae680000)
 Metaspace       used 92202K, capacity 96238K, committed 96984K, reserved 1134592K
  class space    used 11775K, capacity 12521K, committed 12760K, reserved 1048576K
Event: 9047.279 GC heap after
Heap after GC invocations=34 (full 5):
 PSYoungGen      total 367616K, used 119654K [0x00000000e0000000, 0x0000000100000000, 0x0000000100000000)
  eden space 232448K, 0% used [0x00000000e0000000,0x00000000e0000000,0x00000000ee300000)
  from space 135168K, 88% used [0x00000000ee300000,0x00000000f57d9958,0x00000000f6700000)
  to   space 151552K, 0% used [0x00000000f6c00000,0x00000000f6c00000,0x0000000100000000)
 ParOldGen       total 236032K, used 104282K [0x00000000a0000000, 0x00000000ae680000, 0x00000000e0000000)
  object space 236032K, 44% used [0x00000000a0000000,0x00000000a65d6a58,0x00000000ae680000)
 Metaspace       used 92202K, capacity 96238K, committed 96984K, reserved 1134592K
  class space    used 11775K, capacity 12521K, committed 12760K, reserved 1048576K
}
Event: 9143.569 GC heap before
{Heap before GC invocations=35 (full 5):
 PSYoungGen      total 367616K, used 352097K [0x00000000e0000000, 0x0000000100000000, 0x0000000100000000)
  eden space 232448K, 99% used [0x00000000e0000000,0x00000000ee2fede8,0x00000000ee300000)
  from space 135168K, 88% used [0x00000000ee300000,0x00000000f57d9958,0x00000000f6700000)
  to   space 151552K, 0% used [0x00000000f6c00000,0x00000000f6c00000,0x0000000100000000)
 ParOldGen       total 236032K, used 104282K [0x00000000a0000000, 0x00000000ae680000, 0x00000000e0000000)
  object space 236032K, 44% used [0x00000000a0000000,0x00000000a65d6a58,0x00000000ae680000)
 Metaspace       used 92541K, capacity 96820K, committed 97240K, reserved 1134592K
  class space    used 11810K, capacity 12586K, committed 12760K, reserved 1048576K
Event: 9143.718 GC heap after
Heap after GC invocations=35 (full 5):
 PSYoungGen      total 380928K, used 54010K [0x00000000e0000000, 0x0000000100000000, 0x0000000100000000)
  eden space 229376K, 0% used [0x00000000e0000000,0x00000000e0000000,0x00000000ee000000)
  from space 151552K, 35% used [0x00000000f6c00000,0x00000000fa0be838,0x0000000100000000)
  to   space 143360K, 0% used [0x00000000ee000000,0x00000000ee000000,0x00000000f6c00000)
 ParOldGen       total 236032K, used 104290K [0x00000000a0000000, 0x00000000ae680000, 0x00000000e0000000)
  object space 236032K, 44% used [0x00000000a0000000,0x00000000a65d8a58,0x00000000ae680000)
 Metaspace       used 92541K, capacity 96820K, committed 97240K, reserved 1134592K
  class space    used 11810K, capacity 12586K, committed 12760K, reserved 1048576K
}
Event: 9148.278 GC heap before
{Heap before GC invocations=36 (full 5):
 PSYoungGen      total 380928K, used 283386K [0x00000000e0000000, 0x0000000100000000, 0x0000000100000000)
  eden space 229376K, 100% used [0x00000000e0000000,0x00000000ee000000,0x00000000ee000000)
  from space 151552K, 35% used [0x00000000f6c00000,0x00000000fa0be838,0x0000000100000000)
  to   space 143360K, 0% used [0x00000000ee000000,0x00000000ee000000,0x00000000f6c00000)
 ParOldGen       total 236032K, used 104290K [0x00000000a0000000, 0x00000000ae680000, 0x00000000e0000000)
  object space 236032K, 44% used [0x00000000a0000000,0x00000000a65d8a58,0x00000000ae680000)
 Metaspace       used 92768K, capacity 97048K, committed 97496K, reserved 1134592K
  class space    used 11816K, capacity 12593K, committed 12760K, reserved 1048576K

