# JRE version: OpenJDK Runtime Environment (8.0_212-b04) (build 1.8.0_212-release-1586-b04)
# Java VM: OpenJDK 64-Bit Server VM (25.212-b04 mixed mode windows-amd64 compressed oops)
Heap:
 PSYoungGen      total 374784K, used 312336K [0x00000000e0000000, 0x00000000fe700000, 0x0000000100000000)
  eden space 269824K, 86% used [0x00000000e0000000,0x00000000ee3e5d80,0x00000000f0780000)
  from space 104960K, 75% used [0x00000000f7480000,0x00000000fc19e3c0,0x00000000fdb00000)
  to   space 111616K, 0% used [0x00000000f0780000,0x00000000f0780000,0x00000000f7480000)
 ParOldGen       total 241664K, used 159189K [0x00000000a0000000, 0x00000000aec00000, 0x00000000e0000000)
  object space 241664K, 65% used [0x00000000a0000000,0x00000000a9b75518,0x00000000aec00000)
 Metaspace       used 106457K, capacity 111889K, committed 112000K, reserved 1146880K
  class space    used 13579K, capacity 14634K, committed 14720K, reserved 1048576K
GC Heap History (10 events):
Event: 1153.150 GC heap before
{Heap before GC invocations=39 (full 5):
 PSYoungGen      total 289792K, used 277025K [0x00000000e0000000, 0x00000000f7e80000, 0x0000000100000000)
  eden space 225792K, 100% used [0x00000000e0000000,0x00000000edc80000,0x00000000edc80000)
  from space 64000K, 80% used [0x00000000edc80000,0x00000000f0e887a0,0x00000000f1b00000)
  to   space 69120K, 0% used [0x00000000f3b00000,0x00000000f3b00000,0x00000000f7e80000)
 ParOldGen       total 241664K, used 132646K [0x00000000a0000000, 0x00000000aec00000, 0x00000000e0000000)
  object space 241664K, 54% used [0x00000000a0000000,0x00000000a8189800,0x00000000aec00000)
 Metaspace       used 96771K, capacity 101083K, committed 101376K, reserved 1136640K
  class space    used 12350K, capacity 13188K, committed 13312K, reserved 1048576K
Event: 1153.452 GC heap after
Heap after GC invocations=39 (full 5):
 PSYoungGen      total 302080K, used 69103K [0x00000000e0000000, 0x00000000fa780000, 0x0000000100000000)
  eden space 232960K, 0% used [0x00000000e0000000,0x00000000e0000000,0x00000000ee380000)
  from space 69120K, 99% used [0x00000000f3b00000,0x00000000f7e7bf00,0x00000000f7e80000)
  to   space 89600K, 0% used [0x00000000ee380000,0x00000000ee380000,0x00000000f3b00000)
 ParOldGen       total 241664K, used 158766K [0x00000000a0000000, 0x00000000aec00000, 0x00000000e0000000)
  object space 241664K, 65% used [0x00000000a0000000,0x00000000a9b0b940,0x00000000aec00000)
 Metaspace       used 96771K, capacity 101083K, committed 101376K, reserved 1136640K
  class space    used 12350K, capacity 13188K, committed 13312K, reserved 1048576K
}
Event: 1503.955 GC heap before
{Heap before GC invocations=40 (full 5):
 PSYoungGen      total 302080K, used 302063K [0x00000000e0000000, 0x00000000fa780000, 0x0000000100000000)
  eden space 232960K, 100% used [0x00000000e0000000,0x00000000ee380000,0x00000000ee380000)
  from space 69120K, 99% used [0x00000000f3b00000,0x00000000f7e7bf00,0x00000000f7e80000)
  to   space 89600K, 0% used [0x00000000ee380000,0x00000000ee380000,0x00000000f3b00000)
 ParOldGen       total 241664K, used 158766K [0x00000000a0000000, 0x00000000aec00000, 0x00000000e0000000)
  object space 241664K, 65% used [0x00000000a0000000,0x00000000a9b0b940,0x00000000aec00000)
 Metaspace       used 97015K, capacity 101459K, committed 101632K, reserved 1138688K
  class space    used 12367K, capacity 13218K, committed 13312K, reserved 1048576K
Event: 1506.780 GC heap after
Heap after GC invocations=40 (full 5):
 PSYoungGen      total 322560K, used 69865K [0x00000000e0000000, 0x00000000fb900000, 0x0000000100000000)
  eden space 232960K, 0% used [0x00000000e0000000,0x00000000e0000000,0x00000000ee380000)
  from space 89600K, 77% used [0x00000000ee380000,0x00000000f27ba6f8,0x00000000f3b00000)
  to   space 96256K, 0% used [0x00000000f5b00000,0x00000000f5b00000,0x00000000fb900000)
 ParOldGen       total 241664K, used 159173K [0x00000000a0000000, 0x00000000aec00000, 0x00000000e0000000)
  object space 241664K, 65% used [0x00000000a0000000,0x00000000a9b71518,0x00000000aec00000)
 Metaspace       used 97015K, capacity 101459K, committed 101632K, reserved 1138688K
  class space    used 12367K, capacity 13218K, committed 13312K, reserved 1048576K
}
Event: 2670.697 GC heap before
{Heap before GC invocations=41 (full 5):
 PSYoungGen      total 322560K, used 302825K [0x00000000e0000000, 0x00000000fb900000, 0x0000000100000000)
  eden space 232960K, 100% used [0x00000000e0000000,0x00000000ee380000,0x00000000ee380000)
  from space 89600K, 77% used [0x00000000ee380000,0x00000000f27ba6f8,0x00000000f3b00000)
  to   space 96256K, 0% used [0x00000000f5b00000,0x00000000f5b00000,0x00000000fb900000)
 ParOldGen       total 241664K, used 159173K [0x00000000a0000000, 0x00000000aec00000, 0x00000000e0000000)
  object space 241664K, 65% used [0x00000000a0000000,0x00000000a9b71518,0x00000000aec00000)
 Metaspace       used 100116K, capacity 104967K, committed 105216K, reserved 1140736K
  class space    used 12798K, capacity 13714K, committed 13824K, reserved 1048576K
Event: 2672.618 GC heap after
Heap after GC invocations=41 (full 5):
 PSYoungGen      total 351232K, used 64652K [0x00000000e0000000, 0x00000000fbc00000, 0x0000000100000000)
  eden space 254976K, 0% used [0x00000000e0000000,0x00000000e0000000,0x00000000ef900000)
  from space 96256K, 67% used [0x00000000f5b00000,0x00000000f9a232e8,0x00000000fb900000)
  to   space 99840K, 0% used [0x00000000ef900000,0x00000000ef900000,0x00000000f5a80000)
 ParOldGen       total 241664K, used 159181K [0x00000000a0000000, 0x00000000aec00000, 0x00000000e0000000)
  object space 241664K, 65% used [0x00000000a0000000,0x00000000a9b73518,0x00000000aec00000)
 Metaspace       used 100116K, capacity 104967K, committed 105216K, reserved 1140736K
  class space    used 12798K, capacity 13714K, committed 13824K, reserved 1048576K
}
Event: 2847.629 GC heap before
{Heap before GC invocations=42 (full 5):
 PSYoungGen      total 351232K, used 319628K [0x00000000e0000000, 0x00000000fbc00000, 0x0000000100000000)
  eden space 254976K, 100% used [0x00000000e0000000,0x00000000ef900000,0x00000000ef900000)
  from space 96256K, 67% used [0x00000000f5b00000,0x00000000f9a232e8,0x00000000fb900000)
  to   space 99840K, 0% used [0x00000000ef900000,0x00000000ef900000,0x00000000f5a80000)
 ParOldGen       total 241664K, used 159181K [0x00000000a0000000, 0x00000000aec00000, 0x00000000e0000000)
  object space 241664K, 65% used [0x00000000a0000000,0x00000000a9b73518,0x00000000aec00000)
 Metaspace       used 105893K, capacity 111211K, committed 111488K, reserved 1146880K
  class space    used 13568K, capacity 14622K, committed 14720K, reserved 1048576K
Event: 2849.642 GC heap after
Heap after GC invocations=42 (full 5):
 PSYoungGen      total 354816K, used 70830K [0x00000000e0000000, 0x00000000fdb00000, 0x0000000100000000)
  eden space 254976K, 0% used [0x00000000e0000000,0x00000000e0000000,0x00000000ef900000)
  from space 99840K, 70% used [0x00000000ef900000,0x00000000f3e2b8e8,0x00000000f5a80000)
  to   space 104960K, 0% used [0x00000000f7480000,0x00000000f7480000,0x00000000fdb00000)
 ParOldGen       total 241664K, used 159189K [0x00000000a0000000, 0x00000000aec00000, 0x00000000e0000000)
  object space 241664K, 65% used [0x00000000a0000000,0x00000000a9b75518,0x00000000aec00000)
 Metaspace       used 105893K, capacity 111211K, committed 111488K, reserved 1146880K
  class space    used 13568K, capacity 14622K, committed 14720K, reserved 1048576K
}
Event: 2870.342 GC heap before
{Heap before GC invocations=43 (full 5):
 PSYoungGen      total 354816K, used 325806K [0x00000000e0000000, 0x00000000fdb00000, 0x0000000100000000)
  eden space 254976K, 100% used [0x00000000e0000000,0x00000000ef900000,0x00000000ef900000)
  from space 99840K, 70% used [0x00000000ef900000,0x00000000f3e2b8e8,0x00000000f5a80000)
  to   space 104960K, 0% used [0x00000000f7480000,0x00000000f7480000,0x00000000fdb00000)
 ParOldGen       total 241664K, used 159189K [0x00000000a0000000, 0x00000000aec00000, 0x00000000e0000000)
  object space 241664K, 65% used [0x00000000a0000000,0x00000000a9b75518,0x00000000aec00000)
 Metaspace       used 106330K, capacity 111761K, committed 112000K, reserved 1146880K
  class space    used 13575K, capacity 14630K, committed 14720K, reserved 1048576K
Event: 2870.696 GC heap after
Heap after GC invocations=43 (full 5):
 PSYoungGen      total 374784K, used 78968K [0x00000000e0000000, 0x00000000fe700000, 0x0000000100000000)
  eden space 269824K, 0% used [0x00000000e0000000,0x00000000e0000000,0x00000000f0780000)
  from space 104960K, 75% used [0x00000000f7480000,0x00000000fc19e3c0,0x00000000fdb00000)
  to   space 111616K, 0% used [0x00000000f0780000,0x00000000f0780000,0x00000000f7480000)
 ParOldGen       total 241664K, used 159189K [0x00000000a0000000, 0x00000000aec00000, 0x00000000e0000000)
  object space 241664K, 65% used [0x00000000a0000000,0x00000000a9b75518,0x00000000aec00000)
 Metaspace       used 106330K, capacity 111761K, committed 112000K, reserved 1146880K
  class space    used 13575K, capacity 14630K, committed 14720K, reserved 1048576K
}

